2021/04/05 20:43:00 {"callers":["E:/Computer/Go/gotour-blog/main.go: 26: main.init.0"],"level":"info","message":"hhh: gotour-blog/blog_service","time":1617626580487650400}
2021/04/07 23:40:05 {"callers":["E:/Computer/Go/gotour-blog/main.go: 26: main.init.0"],"level":"info","message":"hhh: gotour-blog/blog_service","time":1617810005753341200}
2021/04/08 10:04:05 {"callers":["E:/Computer/Go/gotour-blog/main.go: 26: main.init.0"],"level":"info","message":"hhh: gotour-blog/blog_service","time":1617847445681630100}
2021/04/08 10:29:39 {"callers":["E:/Computer/Go/gotour-blog/main.go: 26: main.init.0"],"level":"info","message":"hhh: gotour-blog/blog_service","time":1617848979051940800}
2021/04/08 10:46:10 {"callers":["E:/Computer/Go/gotour-blog/main.go: 26: main.init.0"],"level":"info","message":"hhh: gotour-blog/blog_service","time":1617849970539899500}
2021/04/08 10:47:34 {"callers":["E:/Computer/Go/gotour-blog/main.go: 26: main.init.0"],"level":"info","message":"hhh: gotour-blog/blog_service","time":1617850054494934200}
2021/04/08 15:51:12 {"callers":["E:/Computer/Go/gotour-blog/main.go: 26: main.init.0"],"level":"info","message":"hhh: gotour-blog/blog_service","time":1617868272927140500}
2021/04/08 15:56:47 {"callers":["E:/Computer/Go/gotour-blog/main.go: 26: main.init.0"],"level":"info","message":"hhh: gotour-blog/blog_service","time":1617868607332855000}
2021/04/08 16:00:00 {"callers":["E:/Computer/Go/gotour-blog/main.go: 26: main.init.0"],"level":"info","message":"hhh: gotour-blog/blog_service","time":1617868800732612300}
2021/04/08 16:02:41 {"callers":["E:/Computer/Go/gotour-blog/main.go: 26: main.init.0"],"level":"info","message":"hhh: gotour-blog/blog_service","time":1617868961005262000}
2021/04/08 16:03:42 {"callers":["E:/Computer/Go/gotour-blog/main.go: 26: main.init.0"],"level":"info","message":"hhh: gotour-blog/blog_service","time":1617869022908601700}
2021/04/08 16:04:23 {"callers":["E:/Computer/Go/gotour-blog/main.go: 26: main.init.0"],"level":"info","message":"hhh: gotour-blog/blog_service","time":1617869063982560000}
2021/04/08 16:07:13 {"callers":["E:/Computer/Go/gotour-blog/main.go: 26: main.init.0"],"level":"info","message":"hhh: gotour-blog/blog_service","time":1617869233104636200}
2021/04/08 16:09:42 {"callers":["E:/Computer/Go/gotour-blog/main.go: 26: main.init.0"],"level":"info","message":"hhh: gotour-blog/blog_service","time":1617869382529178200}
2021/04/08 16:09:46 {"callers":["E:/Computer/Go/gotour-blog/main.go: 26: main.init.0"],"level":"error","message":"app.BindAndValid err: [State必须是[0 1]中的一个]","time":1617869386988036700}
2021/04/08 16:10:16 {"callers":["E:/Computer/Go/gotour-blog/main.go: 26: main.init.0"],"level":"error","message":"app.BindAndValid err: [State必须是[0 1]中的一个]","time":1617869416551311700}
2021/04/08 16:10:24 {"callers":["E:/Computer/Go/gotour-blog/main.go: 26: main.init.0"],"level":"error","message":"app.BindAndValid err: [State必须是[0 1]中的一个]","time":1617869424350436600}
2021/04/09 19:13:40 {"callers":["E:/Computer/Go/gotour-blog/main.go: 26: main.init.0"],"level":"info","message":"hhh: gotour-blog/blog_service","time":1617966820229327100}
2021/04/09 19:17:17 {"callers":["E:/Computer/Go/gotour-blog/main.go: 26: main.init.0"],"level":"info","message":"hhh: gotour-blog/blog_service","time":1617967037560635000}
2021/04/09 19:23:11 {"callers":["E:/Computer/Go/gotour-blog/main.go: 26: main.init.0"],"level":"info","message":"hhh: gotour-blog/blog_service","time":1617967391202970800}
2021/04/09 19:26:19 {"callers":["E:/Computer/Go/gotour-blog/main.go: 26: main.init.0"],"level":"error","message":"app.BindAndValid errs: []","time":1617967579070830100}
2021/04/09 19:27:26 {"callers":["E:/Computer/Go/gotour-blog/main.go: 26: main.init.0"],"level":"info","message":"hhh: gotour-blog/blog_service","time":1617967646764951300}
2021/04/09 19:28:56 {"callers":["E:/Computer/Go/gotour-blog/main.go: 26: main.init.0"],"level":"error","message":"app.BindAndValid errs: [State必须是[0 1]中的一个]","time":1617967736545439500}
2021/04/09 19:29:02 {"callers":["E:/Computer/Go/gotour-blog/main.go: 26: main.init.0"],"level":"error","message":"app.BindAndValid errs: [State必须是[0 1]中的一个]","time":1617967742488855700}
2021/04/09 19:30:08 {"callers":["E:/Computer/Go/gotour-blog/main.go: 26: main.init.0"],"level":"error","message":"app.BindAndValid errs: [CreatedBy为必填字段]","time":1617967808870710600}
2021/04/09 19:42:11 {"callers":["E:/Computer/Go/gotour-blog/main.go: 26: main.init.0"],"level":"info","message":"hhh: gotour-blog/blog_service","time":1617968531509744700}
2021/04/09 19:44:07 {"callers":["E:/Computer/Go/gotour-blog/main.go: 26: main.init.0"],"level":"error","message":"app.BindAndValid errs: [ID为必填字段 Name长度必须至少为2个字符 ModifiedBy为必填字段]","time":1617968647435175000}
2021/04/09 19:45:31 {"callers":["E:/Computer/Go/gotour-blog/main.go: 26: main.init.0"],"level":"error","message":"app.BindAndValid errs: [ID为必填字段 Name长度必须至少为2个字符]","time":1617968731468653700}
2021/04/09 19:50:27 {"callers":["E:/Computer/Go/gotour-blog/main.go: 26: main.init.0"],"level":"info","message":"hhh: gotour-blog/blog_service","time":1617969027086363500}
2021/04/09 19:50:31 {"callers":["E:/Computer/Go/gotour-blog/main.go: 26: main.init.0"],"level":"error","message":"app.BindAndValid errs: [Name长度必须至少为2个字符]","time":1617969031558692600}
2021/04/09 19:50:42 {"callers":["E:/Computer/Go/gotour-blog/main.go: 26: main.init.0"],"level":"error","message":"app.BindAndValid errs: [Name长度必须至少为2个字符]","time":1617969042515695400}
2021/04/09 19:55:06 {"callers":["E:/Computer/Go/gotour-blog/main.go: 26: main.init.0"],"level":"info","message":"hhh: gotour-blog/blog_service","time":1617969306425914900}
2021/04/09 20:04:14 {"callers":["E:/Computer/Go/gotour-blog/main.go: 26: main.init.0"],"level":"info","message":"hhh: gotour-blog/blog_service","time":1617969854934088800}
2021/04/09 20:05:33 {"callers":["E:/Computer/Go/gotour-blog/main.go: 26: main.init.0"],"level":"error","message":"app.BindAndValid errs: [ModifiedBy为必填字段]","time":1617969933620336300}
2021/04/09 20:07:36 {"callers":["E:/Computer/Go/gotour-blog/main.go: 26: main.init.0"],"level":"info","message":"hhh: gotour-blog/blog_service","time":1617970056692652500}
2021/04/09 20:08:04 {"callers":["E:/Computer/Go/gotour-blog/main.go: 26: main.init.0"],"level":"error","message":"svc.UpdateTag err: sql: expected 5 arguments, got 6","time":1617970084631052200}
2021/04/09 20:08:42 {"callers":["E:/Computer/Go/gotour-blog/main.go: 26: main.init.0"],"level":"info","message":"hhh: gotour-blog/blog_service","time":1617970122230849200}
2021/04/09 20:10:14 {"callers":["E:/Computer/Go/gotour-blog/main.go: 26: main.init.0"],"level":"info","message":"hhh: gotour-blog/blog_service","time":1617970214683852100}
2021/04/09 22:49:10 {"callers":["E:/Computer/Go/gotour-blog/main.go: 26: main.init.0"],"level":"info","message":"hhh: gotour-blog/blog_service","time":1617979750506641000}
